{"C:\\Users\\PRPAWALE\\Documents\\Relevel Course\\ECOMM\\app.js": {"path":"C:\\Users\\PRPAWALE\\Documents\\Relevel Course\\ECOMM\\app.js","statementMap":{"0":{"start":{"line":1,"column":14},"end":{"line":1,"column":32}},"1":{"start":{"line":2,"column":17},"end":{"line":2,"column":39}},"2":{"start":{"line":3,"column":15},"end":{"line":3,"column":40}},"3":{"start":{"line":4,"column":21},"end":{"line":4,"column":58}},"4":{"start":{"line":5,"column":11},"end":{"line":5,"column":35}},"5":{"start":{"line":7,"column":17},"end":{"line":7,"column":26}},"6":{"start":{"line":8,"column":0},"end":{"line":8,"column":34}},"7":{"start":{"line":9,"column":0},"end":{"line":9,"column":23}},"8":{"start":{"line":10,"column":0},"end":{"line":10,"column":29}},"9":{"start":{"line":12,"column":0},"end":{"line":12,"column":32}},"10":{"start":{"line":14,"column":0},"end":{"line":16,"column":3}},"11":{"start":{"line":15,"column":4},"end":{"line":15,"column":19}},"12":{"start":{"line":18,"column":19},"end":{"line":21,"column":1}},"13":{"start":{"line":19,"column":2},"end":{"line":19,"column":21}},"14":{"start":{"line":20,"column":2},"end":{"line":20,"column":16}},"15":{"start":{"line":23,"column":23},"end":{"line":30,"column":1}},"16":{"start":{"line":24,"column":2},"end":{"line":29,"column":5}},"17":{"start":{"line":32,"column":18},"end":{"line":37,"column":1}},"18":{"start":{"line":33,"column":2},"end":{"line":36,"column":5}},"19":{"start":{"line":39,"column":0},"end":{"line":39,"column":28}}},"fnMap":{"0":{"name":"(anonymous_0)","decl":{"start":{"line":14,"column":48},"end":{"line":14,"column":49}},"loc":{"start":{"line":14,"column":54},"end":{"line":16,"column":1}},"line":14},"1":{"name":"(anonymous_1)","decl":{"start":{"line":18,"column":19},"end":{"line":18,"column":20}},"loc":{"start":{"line":18,"column":31},"end":{"line":21,"column":1}},"line":18},"2":{"name":"(anonymous_2)","decl":{"start":{"line":23,"column":23},"end":{"line":23,"column":24}},"loc":{"start":{"line":23,"column":35},"end":{"line":30,"column":1}},"line":23},"3":{"name":"(anonymous_3)","decl":{"start":{"line":32,"column":18},"end":{"line":32,"column":19}},"loc":{"start":{"line":32,"column":30},"end":{"line":37,"column":1}},"line":32}},"branchMap":{},"s":{"0":1,"1":1,"2":1,"3":1,"4":1,"5":1,"6":1,"7":1,"8":1,"9":1,"10":1,"11":0,"12":1,"13":0,"14":0,"15":1,"16":0,"17":1,"18":0,"19":1},"f":{"0":0,"1":0,"2":0,"3":0},"b":{},"_coverageSchema":"1a1c01bbd47fc00a2c39e90264f33305004495a9","hash":"0e6babaf90c188560fc33534c6ab8a8b48e8f66e"}
,"C:\\Users\\PRPAWALE\\Documents\\Relevel Course\\ECOMM\\config\\auth.config.js": {"path":"C:\\Users\\PRPAWALE\\Documents\\Relevel Course\\ECOMM\\config\\auth.config.js","statementMap":{"0":{"start":{"line":1,"column":16},"end":{"line":3,"column":1}},"1":{"start":{"line":5,"column":0},"end":{"line":5,"column":27}}},"fnMap":{},"branchMap":{},"s":{"0":1,"1":1},"f":{},"b":{},"_coverageSchema":"1a1c01bbd47fc00a2c39e90264f33305004495a9","hash":"a22bb193d729811f24c41a23ce1b003ee3bc0b07"}
,"C:\\Users\\PRPAWALE\\Documents\\Relevel Course\\ECOMM\\config\\db.config.js": {"path":"C:\\Users\\PRPAWALE\\Documents\\Relevel Course\\ECOMM\\config\\db.config.js","statementMap":{"0":{"start":{"line":1,"column":28},"end":{"line":14,"column":1}},"1":{"start":{"line":16,"column":21},"end":{"line":29,"column":1}},"2":{"start":{"line":31,"column":0},"end":{"line":34,"column":1}}},"fnMap":{},"branchMap":{},"s":{"0":3,"1":3,"2":3},"f":{},"b":{},"_coverageSchema":"1a1c01bbd47fc00a2c39e90264f33305004495a9","hash":"43bafd2ff495b213f622eb2c275cc8c3804e0f43"}
,"C:\\Users\\PRPAWALE\\Documents\\Relevel Course\\ECOMM\\controller\\auth.controller.js": {"path":"C:\\Users\\PRPAWALE\\Documents\\Relevel Course\\ECOMM\\controller\\auth.controller.js","statementMap":{"0":{"start":{"line":1,"column":13},"end":{"line":1,"column":32}},"1":{"start":{"line":2,"column":15},"end":{"line":2,"column":49}},"2":{"start":{"line":3,"column":10},"end":{"line":3,"column":33}},"3":{"start":{"line":4,"column":9},"end":{"line":4,"column":36}},"4":{"start":{"line":7,"column":13},"end":{"line":31,"column":1}},"5":{"start":{"line":8,"column":13},"end":{"line":12,"column":4}},"6":{"start":{"line":14,"column":2},"end":{"line":30,"column":3}},"7":{"start":{"line":15,"column":16},"end":{"line":17,"column":6}},"8":{"start":{"line":20,"column":4},"end":{"line":20,"column":31}},"9":{"start":{"line":21,"column":4},"end":{"line":23,"column":7}},"10":{"start":{"line":26,"column":4},"end":{"line":26,"column":28}},"11":{"start":{"line":27,"column":4},"end":{"line":29,"column":6}},"12":{"start":{"line":33,"column":13},"end":{"line":74,"column":1}},"13":{"start":{"line":34,"column":17},"end":{"line":36,"column":4}},"14":{"start":{"line":39,"column":2},"end":{"line":44,"column":3}},"15":{"start":{"line":40,"column":4},"end":{"line":42,"column":7}},"16":{"start":{"line":43,"column":4},"end":{"line":43,"column":11}},"17":{"start":{"line":46,"column":24},"end":{"line":49,"column":3}},"18":{"start":{"line":50,"column":2},"end":{"line":55,"column":3}},"19":{"start":{"line":51,"column":4},"end":{"line":53,"column":7}},"20":{"start":{"line":54,"column":4},"end":{"line":54,"column":11}},"21":{"start":{"line":57,"column":14},"end":{"line":59,"column":4}},"22":{"start":{"line":60,"column":20},"end":{"line":60,"column":22}},"23":{"start":{"line":61,"column":14},"end":{"line":61,"column":39}},"24":{"start":{"line":63,"column":2},"end":{"line":65,"column":3}},"25":{"start":{"line":63,"column":15},"end":{"line":63,"column":16}},"26":{"start":{"line":64,"column":4},"end":{"line":64,"column":60}},"27":{"start":{"line":67,"column":2},"end":{"line":73,"column":5}},"28":{"start":{"line":76,"column":0},"end":{"line":76,"column":36}}},"fnMap":{"0":{"name":"(anonymous_0)","decl":{"start":{"line":7,"column":13},"end":{"line":7,"column":14}},"loc":{"start":{"line":7,"column":39},"end":{"line":31,"column":1}},"line":7},"1":{"name":"(anonymous_1)","decl":{"start":{"line":33,"column":13},"end":{"line":33,"column":14}},"loc":{"start":{"line":33,"column":39},"end":{"line":74,"column":1}},"line":33}},"branchMap":{"0":{"loc":{"start":{"line":14,"column":2},"end":{"line":30,"column":3}},"type":"if","locations":[{"start":{"line":14,"column":2},"end":{"line":30,"column":3}},{"start":{"line":24,"column":7},"end":{"line":30,"column":3}}],"line":14},"1":{"loc":{"start":{"line":39,"column":2},"end":{"line":44,"column":3}},"type":"if","locations":[{"start":{"line":39,"column":2},"end":{"line":44,"column":3}},{"start":{},"end":{}}],"line":39},"2":{"loc":{"start":{"line":50,"column":2},"end":{"line":55,"column":3}},"type":"if","locations":[{"start":{"line":50,"column":2},"end":{"line":55,"column":3}},{"start":{},"end":{}}],"line":50}},"s":{"0":1,"1":1,"2":1,"3":1,"4":1,"5":0,"6":0,"7":0,"8":0,"9":0,"10":0,"11":0,"12":1,"13":0,"14":0,"15":0,"16":0,"17":0,"18":0,"19":0,"20":0,"21":0,"22":0,"23":0,"24":0,"25":0,"26":0,"27":0,"28":1},"f":{"0":0,"1":0},"b":{"0":[0,0],"1":[0,0],"2":[0,0]},"_coverageSchema":"1a1c01bbd47fc00a2c39e90264f33305004495a9","hash":"71c10b48e6780570d2fa95c20a64dd43c01b1ec8"}
,"C:\\Users\\PRPAWALE\\Documents\\Relevel Course\\ECOMM\\controller\\cart.controller.js": {"path":"C:\\Users\\PRPAWALE\\Documents\\Relevel Course\\ECOMM\\controller\\cart.controller.js","statementMap":{"0":{"start":{"line":1,"column":11},"end":{"line":1,"column":38}},"1":{"start":{"line":3,"column":17},"end":{"line":14,"column":1}},"2":{"start":{"line":4,"column":4},"end":{"line":13,"column":5}},"3":{"start":{"line":5,"column":8},"end":{"line":5,"column":42}},"4":{"start":{"line":6,"column":8},"end":{"line":8,"column":11}},"5":{"start":{"line":10,"column":8},"end":{"line":12,"column":11}},"6":{"start":{"line":16,"column":17},"end":{"line":47,"column":1}},"7":{"start":{"line":17,"column":19},"end":{"line":17,"column":36}},"8":{"start":{"line":18,"column":23},"end":{"line":18,"column":53}},"9":{"start":{"line":19,"column":4},"end":{"line":46,"column":5}},"10":{"start":{"line":20,"column":28},"end":{"line":22,"column":10}},"11":{"start":{"line":24,"column":8},"end":{"line":45,"column":9}},"12":{"start":{"line":25,"column":12},"end":{"line":25,"column":58}},"13":{"start":{"line":26,"column":12},"end":{"line":26,"column":42}},"14":{"start":{"line":28,"column":28},"end":{"line":28,"column":29}},"15":{"start":{"line":29,"column":35},"end":{"line":29,"column":37}},"16":{"start":{"line":31,"column":27},"end":{"line":31,"column":59}},"17":{"start":{"line":32,"column":12},"end":{"line":39,"column":13}},"18":{"start":{"line":32,"column":22},"end":{"line":32,"column":23}},"19":{"start":{"line":33,"column":16},"end":{"line":33,"column":47}},"20":{"start":{"line":34,"column":16},"end":{"line":38,"column":18}},"21":{"start":{"line":40,"column":12},"end":{"line":44,"column":15}},"22":{"start":{"line":49,"column":14},"end":{"line":67,"column":1}},"23":{"start":{"line":50,"column":15},"end":{"line":50,"column":56}},"24":{"start":{"line":51,"column":20},"end":{"line":51,"column":21}},"25":{"start":{"line":52,"column":27},"end":{"line":52,"column":29}},"26":{"start":{"line":53,"column":19},"end":{"line":53,"column":43}},"27":{"start":{"line":54,"column":4},"end":{"line":61,"column":5}},"28":{"start":{"line":54,"column":17},"end":{"line":54,"column":18}},"29":{"start":{"line":55,"column":6},"end":{"line":55,"column":37}},"30":{"start":{"line":56,"column":6},"end":{"line":60,"column":9}},"31":{"start":{"line":62,"column":4},"end":{"line":66,"column":7}},"32":{"start":{"line":70,"column":0},"end":{"line":70,"column":53}}},"fnMap":{"0":{"name":"(anonymous_0)","decl":{"start":{"line":3,"column":17},"end":{"line":3,"column":18}},"loc":{"start":{"line":3,"column":41},"end":{"line":14,"column":1}},"line":3},"1":{"name":"(anonymous_1)","decl":{"start":{"line":16,"column":17},"end":{"line":16,"column":18}},"loc":{"start":{"line":16,"column":41},"end":{"line":47,"column":1}},"line":16},"2":{"name":"(anonymous_2)","decl":{"start":{"line":49,"column":14},"end":{"line":49,"column":15}},"loc":{"start":{"line":49,"column":38},"end":{"line":67,"column":1}},"line":49}},"branchMap":{"0":{"loc":{"start":{"line":19,"column":4},"end":{"line":46,"column":5}},"type":"if","locations":[{"start":{"line":19,"column":4},"end":{"line":46,"column":5}},{"start":{},"end":{}}],"line":19},"1":{"loc":{"start":{"line":24,"column":8},"end":{"line":45,"column":9}},"type":"if","locations":[{"start":{"line":24,"column":8},"end":{"line":45,"column":9}},{"start":{},"end":{}}],"line":24}},"s":{"0":1,"1":1,"2":0,"3":0,"4":0,"5":0,"6":1,"7":0,"8":0,"9":0,"10":0,"11":0,"12":0,"13":0,"14":0,"15":0,"16":0,"17":0,"18":0,"19":0,"20":0,"21":0,"22":1,"23":0,"24":0,"25":0,"26":0,"27":0,"28":0,"29":0,"30":0,"31":0,"32":1},"f":{"0":0,"1":0,"2":0},"b":{"0":[0,0],"1":[0,0]},"_coverageSchema":"1a1c01bbd47fc00a2c39e90264f33305004495a9","hash":"de32558b8685add6b6518e0a768f8e0a50070afd"}
,"C:\\Users\\PRPAWALE\\Documents\\Relevel Course\\ECOMM\\controller\\category.controller.js": {"path":"C:\\Users\\PRPAWALE\\Documents\\Relevel Course\\ECOMM\\controller\\category.controller.js","statementMap":{"0":{"start":{"line":1,"column":11},"end":{"line":1,"column":38}},"1":{"start":{"line":3,"column":23},"end":{"line":12,"column":1}},"2":{"start":{"line":4,"column":2},"end":{"line":11,"column":3}},"3":{"start":{"line":5,"column":24},"end":{"line":5,"column":51}},"4":{"start":{"line":6,"column":4},"end":{"line":6,"column":40}},"5":{"start":{"line":8,"column":4},"end":{"line":10,"column":6}},"6":{"start":{"line":14,"column":22},"end":{"line":20,"column":1}},"7":{"start":{"line":15,"column":11},"end":{"line":15,"column":32}},"8":{"start":{"line":16,"column":17},"end":{"line":18,"column":4}},"9":{"start":{"line":19,"column":2},"end":{"line":19,"column":33}},"10":{"start":{"line":22,"column":21},"end":{"line":36,"column":1}},"11":{"start":{"line":23,"column":2},"end":{"line":35,"column":3}},"12":{"start":{"line":24,"column":24},"end":{"line":24,"column":32}},"13":{"start":{"line":25,"column":4},"end":{"line":32,"column":5}},"14":{"start":{"line":26,"column":6},"end":{"line":26,"column":46}},"15":{"start":{"line":27,"column":6},"end":{"line":30,"column":9}},"16":{"start":{"line":31,"column":6},"end":{"line":31,"column":16}},"17":{"start":{"line":34,"column":4},"end":{"line":34,"column":14}},"18":{"start":{"line":38,"column":25},"end":{"line":55,"column":1}},"19":{"start":{"line":39,"column":11},"end":{"line":39,"column":32}},"20":{"start":{"line":40,"column":2},"end":{"line":54,"column":3}},"21":{"start":{"line":41,"column":4},"end":{"line":43,"column":7}},"22":{"start":{"line":44,"column":26},"end":{"line":46,"column":6}},"23":{"start":{"line":47,"column":4},"end":{"line":50,"column":7}},"24":{"start":{"line":51,"column":4},"end":{"line":51,"column":14}},"25":{"start":{"line":53,"column":4},"end":{"line":53,"column":14}},"26":{"start":{"line":57,"column":25},"end":{"line":70,"column":1}},"27":{"start":{"line":58,"column":2},"end":{"line":69,"column":3}},"28":{"start":{"line":59,"column":13},"end":{"line":59,"column":34}},"29":{"start":{"line":60,"column":27},"end":{"line":60,"column":50}},"30":{"start":{"line":61,"column":4},"end":{"line":63,"column":7}},"31":{"start":{"line":64,"column":26},"end":{"line":64,"column":56}},"32":{"start":{"line":65,"column":4},"end":{"line":65,"column":42}},"33":{"start":{"line":66,"column":4},"end":{"line":66,"column":14}},"34":{"start":{"line":68,"column":4},"end":{"line":68,"column":14}},"35":{"start":{"line":73,"column":0},"end":{"line":79,"column":2}}},"fnMap":{"0":{"name":"(anonymous_0)","decl":{"start":{"line":3,"column":23},"end":{"line":3,"column":24}},"loc":{"start":{"line":3,"column":49},"end":{"line":12,"column":1}},"line":3},"1":{"name":"(anonymous_1)","decl":{"start":{"line":14,"column":22},"end":{"line":14,"column":23}},"loc":{"start":{"line":14,"column":48},"end":{"line":20,"column":1}},"line":14},"2":{"name":"(anonymous_2)","decl":{"start":{"line":22,"column":21},"end":{"line":22,"column":22}},"loc":{"start":{"line":22,"column":47},"end":{"line":36,"column":1}},"line":22},"3":{"name":"(anonymous_3)","decl":{"start":{"line":38,"column":25},"end":{"line":38,"column":26}},"loc":{"start":{"line":38,"column":51},"end":{"line":55,"column":1}},"line":38},"4":{"name":"(anonymous_4)","decl":{"start":{"line":57,"column":25},"end":{"line":57,"column":26}},"loc":{"start":{"line":57,"column":51},"end":{"line":70,"column":1}},"line":57}},"branchMap":{"0":{"loc":{"start":{"line":25,"column":4},"end":{"line":32,"column":5}},"type":"if","locations":[{"start":{"line":25,"column":4},"end":{"line":32,"column":5}},{"start":{},"end":{}}],"line":25}},"s":{"0":2,"1":2,"2":2,"3":2,"4":1,"5":1,"6":2,"7":1,"8":1,"9":1,"10":2,"11":1,"12":1,"13":1,"14":1,"15":1,"16":1,"17":0,"18":2,"19":1,"20":1,"21":1,"22":1,"23":1,"24":1,"25":0,"26":2,"27":1,"28":1,"29":1,"30":1,"31":1,"32":1,"33":1,"34":0,"35":2},"f":{"0":2,"1":1,"2":1,"3":1,"4":1},"b":{"0":[1,0]},"_coverageSchema":"1a1c01bbd47fc00a2c39e90264f33305004495a9","hash":"98136224e527fd5064afc3f854f2b8293c91bcf4"}
,"C:\\Users\\PRPAWALE\\Documents\\Relevel Course\\ECOMM\\controller\\product.controller.js": {"path":"C:\\Users\\PRPAWALE\\Documents\\Relevel Course\\ECOMM\\controller\\product.controller.js","statementMap":{"0":{"start":{"line":1,"column":11},"end":{"line":1,"column":38}},"1":{"start":{"line":4,"column":21},"end":{"line":21,"column":1}},"2":{"start":{"line":5,"column":4},"end":{"line":18,"column":7}},"3":{"start":{"line":19,"column":4},"end":{"line":19,"column":47}},"4":{"start":{"line":20,"column":4},"end":{"line":20,"column":14}},"5":{"start":{"line":23,"column":21},"end":{"line":48,"column":1}},"6":{"start":{"line":24,"column":21},"end":{"line":24,"column":41}},"7":{"start":{"line":25,"column":19},"end":{"line":25,"column":37}},"8":{"start":{"line":26,"column":19},"end":{"line":26,"column":37}},"9":{"start":{"line":27,"column":22},"end":{"line":27,"column":24}},"10":{"start":{"line":28,"column":4},"end":{"line":44,"column":5}},"11":{"start":{"line":29,"column":8},"end":{"line":29,"column":49}},"12":{"start":{"line":30,"column":12},"end":{"line":44,"column":5}},"13":{"start":{"line":31,"column":8},"end":{"line":31,"column":57}},"14":{"start":{"line":32,"column":11},"end":{"line":44,"column":5}},"15":{"start":{"line":33,"column":8},"end":{"line":33,"column":67}},"16":{"start":{"line":35,"column":8},"end":{"line":43,"column":11}},"17":{"start":{"line":46,"column":4},"end":{"line":46,"column":38}},"18":{"start":{"line":47,"column":4},"end":{"line":47,"column":14}},"19":{"start":{"line":49,"column":23},"end":{"line":54,"column":1}},"20":{"start":{"line":50,"column":25},"end":{"line":52,"column":4}},"21":{"start":{"line":53,"column":2},"end":{"line":53,"column":26}},"22":{"start":{"line":55,"column":25},"end":{"line":65,"column":1}},"23":{"start":{"line":56,"column":34},"end":{"line":63,"column":6}},"24":{"start":{"line":64,"column":4},"end":{"line":64,"column":35}},"25":{"start":{"line":68,"column":22},"end":{"line":76,"column":1}},"26":{"start":{"line":69,"column":13},"end":{"line":69,"column":33}},"27":{"start":{"line":70,"column":22},"end":{"line":72,"column":6}},"28":{"start":{"line":74,"column":4},"end":{"line":74,"column":26}},"29":{"start":{"line":75,"column":4},"end":{"line":75,"column":14}},"30":{"start":{"line":78,"column":20},"end":{"line":92,"column":1}},"31":{"start":{"line":79,"column":23},"end":{"line":79,"column":31}},"32":{"start":{"line":80,"column":4},"end":{"line":91,"column":5}},"33":{"start":{"line":81,"column":8},"end":{"line":81,"column":46}},"34":{"start":{"line":82,"column":8},"end":{"line":85,"column":11}},"35":{"start":{"line":86,"column":8},"end":{"line":86,"column":18}},"36":{"start":{"line":88,"column":8},"end":{"line":90,"column":10}},"37":{"start":{"line":94,"column":24},"end":{"line":109,"column":1}},"38":{"start":{"line":95,"column":13},"end":{"line":95,"column":33}},"39":{"start":{"line":96,"column":18},"end":{"line":96,"column":47}},"40":{"start":{"line":97,"column":4},"end":{"line":108,"column":5}},"41":{"start":{"line":98,"column":8},"end":{"line":100,"column":9}},"42":{"start":{"line":99,"column":12},"end":{"line":99,"column":49}},"43":{"start":{"line":101,"column":8},"end":{"line":103,"column":11}},"44":{"start":{"line":104,"column":8},"end":{"line":104,"column":48}},"45":{"start":{"line":105,"column":8},"end":{"line":105,"column":19}},"46":{"start":{"line":107,"column":8},"end":{"line":107,"column":18}},"47":{"start":{"line":111,"column":24},"end":{"line":123,"column":1}},"48":{"start":{"line":112,"column":13},"end":{"line":112,"column":33}},"49":{"start":{"line":113,"column":26},"end":{"line":116,"column":5}},"50":{"start":{"line":117,"column":4},"end":{"line":119,"column":7}},"51":{"start":{"line":120,"column":25},"end":{"line":120,"column":54}},"52":{"start":{"line":121,"column":4},"end":{"line":121,"column":41}},"53":{"start":{"line":122,"column":4},"end":{"line":122,"column":14}},"54":{"start":{"line":126,"column":0},"end":{"line":133,"column":2}}},"fnMap":{"0":{"name":"(anonymous_0)","decl":{"start":{"line":4,"column":21},"end":{"line":4,"column":22}},"loc":{"start":{"line":4,"column":47},"end":{"line":21,"column":1}},"line":4},"1":{"name":"(anonymous_1)","decl":{"start":{"line":23,"column":21},"end":{"line":23,"column":22}},"loc":{"start":{"line":23,"column":47},"end":{"line":48,"column":1}},"line":23},"2":{"name":"(anonymous_2)","decl":{"start":{"line":49,"column":23},"end":{"line":49,"column":24}},"loc":{"start":{"line":49,"column":45},"end":{"line":54,"column":1}},"line":49},"3":{"name":"(anonymous_3)","decl":{"start":{"line":55,"column":25},"end":{"line":55,"column":26}},"loc":{"start":{"line":55,"column":55},"end":{"line":65,"column":1}},"line":55},"4":{"name":"(anonymous_4)","decl":{"start":{"line":68,"column":22},"end":{"line":68,"column":23}},"loc":{"start":{"line":68,"column":48},"end":{"line":76,"column":1}},"line":68},"5":{"name":"(anonymous_5)","decl":{"start":{"line":78,"column":20},"end":{"line":78,"column":21}},"loc":{"start":{"line":78,"column":46},"end":{"line":92,"column":1}},"line":78},"6":{"name":"(anonymous_6)","decl":{"start":{"line":94,"column":24},"end":{"line":94,"column":25}},"loc":{"start":{"line":94,"column":50},"end":{"line":109,"column":1}},"line":94},"7":{"name":"(anonymous_7)","decl":{"start":{"line":111,"column":24},"end":{"line":111,"column":25}},"loc":{"start":{"line":111,"column":50},"end":{"line":123,"column":1}},"line":111}},"branchMap":{"0":{"loc":{"start":{"line":28,"column":4},"end":{"line":44,"column":5}},"type":"if","locations":[{"start":{"line":28,"column":4},"end":{"line":44,"column":5}},{"start":{"line":30,"column":12},"end":{"line":44,"column":5}}],"line":28},"1":{"loc":{"start":{"line":30,"column":12},"end":{"line":44,"column":5}},"type":"if","locations":[{"start":{"line":30,"column":12},"end":{"line":44,"column":5}},{"start":{"line":32,"column":11},"end":{"line":44,"column":5}}],"line":30},"2":{"loc":{"start":{"line":30,"column":16},"end":{"line":30,"column":53}},"type":"binary-expr","locations":[{"start":{"line":30,"column":16},"end":{"line":30,"column":26}},{"start":{"line":30,"column":30},"end":{"line":30,"column":53}}],"line":30},"3":{"loc":{"start":{"line":30,"column":32},"end":{"line":30,"column":52}},"type":"binary-expr","locations":[{"start":{"line":30,"column":32},"end":{"line":30,"column":40}},{"start":{"line":30,"column":44},"end":{"line":30,"column":52}}],"line":30},"4":{"loc":{"start":{"line":32,"column":11},"end":{"line":44,"column":5}},"type":"if","locations":[{"start":{"line":32,"column":11},"end":{"line":44,"column":5}},{"start":{"line":34,"column":11},"end":{"line":44,"column":5}}],"line":32},"5":{"loc":{"start":{"line":32,"column":15},"end":{"line":32,"column":50}},"type":"binary-expr","locations":[{"start":{"line":32,"column":15},"end":{"line":32,"column":26}},{"start":{"line":32,"column":30},"end":{"line":32,"column":38}},{"start":{"line":32,"column":42},"end":{"line":32,"column":50}}],"line":32},"6":{"loc":{"start":{"line":98,"column":8},"end":{"line":100,"column":9}},"type":"if","locations":[{"start":{"line":98,"column":8},"end":{"line":100,"column":9}},{"start":{},"end":{}}],"line":98}},"s":{"0":2,"1":2,"2":0,"3":0,"4":0,"5":2,"6":0,"7":0,"8":0,"9":0,"10":0,"11":0,"12":0,"13":0,"14":0,"15":0,"16":0,"17":0,"18":0,"19":2,"20":0,"21":0,"22":2,"23":0,"24":0,"25":2,"26":0,"27":0,"28":0,"29":0,"30":2,"31":1,"32":1,"33":1,"34":1,"35":1,"36":0,"37":2,"38":0,"39":0,"40":0,"41":0,"42":0,"43":0,"44":0,"45":0,"46":0,"47":2,"48":0,"49":0,"50":0,"51":0,"52":0,"53":0,"54":2},"f":{"0":0,"1":0,"2":0,"3":0,"4":0,"5":1,"6":0,"7":0},"b":{"0":[0,0],"1":[0,0],"2":[0,0],"3":[0,0],"4":[0,0],"5":[0,0,0],"6":[0,0]},"_coverageSchema":"1a1c01bbd47fc00a2c39e90264f33305004495a9","hash":"8b03647c1ccdb6fab0c131d0aabfc2a5f06f471e"}
,"C:\\Users\\PRPAWALE\\Documents\\Relevel Course\\ECOMM\\middlewares\\ErrorHandler.js": {"path":"C:\\Users\\PRPAWALE\\Documents\\Relevel Course\\ECOMM\\middlewares\\ErrorHandler.js","statementMap":{"0":{"start":{"line":3,"column":21},"end":{"line":13,"column":1}},"1":{"start":{"line":4,"column":4},"end":{"line":4,"column":45}},"2":{"start":{"line":5,"column":22},"end":{"line":5,"column":43}},"3":{"start":{"line":6,"column":19},"end":{"line":6,"column":56}},"4":{"start":{"line":7,"column":4},"end":{"line":11,"column":6}},"5":{"start":{"line":16,"column":0},"end":{"line":16,"column":30}}},"fnMap":{"0":{"name":"(anonymous_0)","decl":{"start":{"line":3,"column":21},"end":{"line":3,"column":22}},"loc":{"start":{"line":3,"column":46},"end":{"line":13,"column":1}},"line":3}},"branchMap":{"0":{"loc":{"start":{"line":5,"column":22},"end":{"line":5,"column":43}},"type":"binary-expr","locations":[{"start":{"line":5,"column":22},"end":{"line":5,"column":36}},{"start":{"line":5,"column":40},"end":{"line":5,"column":43}}],"line":5},"1":{"loc":{"start":{"line":6,"column":19},"end":{"line":6,"column":56}},"type":"binary-expr","locations":[{"start":{"line":6,"column":19},"end":{"line":6,"column":30}},{"start":{"line":6,"column":34},"end":{"line":6,"column":56}}],"line":6}},"s":{"0":1,"1":0,"2":0,"3":0,"4":0,"5":1},"f":{"0":0},"b":{"0":[0,0],"1":[0,0]},"_coverageSchema":"1a1c01bbd47fc00a2c39e90264f33305004495a9","hash":"524d6ed84e949c2899bfaaedaafbc92051754d53"}
,"C:\\Users\\PRPAWALE\\Documents\\Relevel Course\\ECOMM\\middlewares\\RequestValidator.js": {"path":"C:\\Users\\PRPAWALE\\Documents\\Relevel Course\\ECOMM\\middlewares\\RequestValidator.js","statementMap":{"0":{"start":{"line":1,"column":11},"end":{"line":1,"column":30}},"1":{"start":{"line":3,"column":33},"end":{"line":10,"column":1}},"2":{"start":{"line":4,"column":4},"end":{"line":8,"column":5}},"3":{"start":{"line":5,"column":8},"end":{"line":7,"column":11}},"4":{"start":{"line":9,"column":4},"end":{"line":9,"column":11}},"5":{"start":{"line":12,"column":31},"end":{"line":27,"column":1}},"6":{"start":{"line":13,"column":13},"end":{"line":13,"column":34}},"7":{"start":{"line":14,"column":4},"end":{"line":25,"column":5}},"8":{"start":{"line":15,"column":23},"end":{"line":15,"column":53}},"9":{"start":{"line":16,"column":8},"end":{"line":20,"column":9}},"10":{"start":{"line":17,"column":12},"end":{"line":19,"column":14}},"11":{"start":{"line":22,"column":8},"end":{"line":24,"column":10}},"12":{"start":{"line":26,"column":4},"end":{"line":26,"column":11}},"13":{"start":{"line":29,"column":0},"end":{"line":29,"column":74}}},"fnMap":{"0":{"name":"(anonymous_0)","decl":{"start":{"line":3,"column":33},"end":{"line":3,"column":34}},"loc":{"start":{"line":3,"column":59},"end":{"line":10,"column":1}},"line":3},"1":{"name":"(anonymous_1)","decl":{"start":{"line":12,"column":31},"end":{"line":12,"column":32}},"loc":{"start":{"line":12,"column":55},"end":{"line":27,"column":1}},"line":12}},"branchMap":{"0":{"loc":{"start":{"line":4,"column":4},"end":{"line":8,"column":5}},"type":"if","locations":[{"start":{"line":4,"column":4},"end":{"line":8,"column":5}},{"start":{},"end":{}}],"line":4},"1":{"loc":{"start":{"line":14,"column":4},"end":{"line":25,"column":5}},"type":"if","locations":[{"start":{"line":14,"column":4},"end":{"line":25,"column":5}},{"start":{"line":21,"column":10},"end":{"line":25,"column":5}}],"line":14},"2":{"loc":{"start":{"line":16,"column":8},"end":{"line":20,"column":9}},"type":"if","locations":[{"start":{"line":16,"column":8},"end":{"line":20,"column":9}},{"start":{},"end":{}}],"line":16}},"s":{"0":1,"1":1,"2":0,"3":0,"4":0,"5":1,"6":0,"7":0,"8":0,"9":0,"10":0,"11":0,"12":0,"13":1},"f":{"0":0,"1":0},"b":{"0":[0,0],"1":[0,0],"2":[0,0]},"_coverageSchema":"1a1c01bbd47fc00a2c39e90264f33305004495a9","hash":"a0d214578a644bf739cea4a144d4197d4564ce77"}
,"C:\\Users\\PRPAWALE\\Documents\\Relevel Course\\ECOMM\\middlewares\\VerifySignUp.js": {"path":"C:\\Users\\PRPAWALE\\Documents\\Relevel Course\\ECOMM\\middlewares\\VerifySignUp.js","statementMap":{"0":{"start":{"line":1,"column":11},"end":{"line":1,"column":38}},"1":{"start":{"line":2,"column":14},"end":{"line":2,"column":22}},"2":{"start":{"line":4,"column":29},"end":{"line":17,"column":1}},"3":{"start":{"line":5,"column":22},"end":{"line":7,"column":6}},"4":{"start":{"line":9,"column":4},"end":{"line":14,"column":5}},"5":{"start":{"line":10,"column":8},"end":{"line":12,"column":11}},"6":{"start":{"line":13,"column":8},"end":{"line":13,"column":15}},"7":{"start":{"line":16,"column":4},"end":{"line":16,"column":11}},"8":{"start":{"line":19,"column":24},"end":{"line":31,"column":1}},"9":{"start":{"line":20,"column":4},"end":{"line":29,"column":5}},"10":{"start":{"line":21,"column":8},"end":{"line":28,"column":9}},"11":{"start":{"line":21,"column":18},"end":{"line":21,"column":19}},"12":{"start":{"line":22,"column":12},"end":{"line":27,"column":13}},"13":{"start":{"line":23,"column":16},"end":{"line":25,"column":19}},"14":{"start":{"line":26,"column":16},"end":{"line":26,"column":23}},"15":{"start":{"line":30,"column":4},"end":{"line":30,"column":11}},"16":{"start":{"line":33,"column":0},"end":{"line":33,"column":63}}},"fnMap":{"0":{"name":"(anonymous_0)","decl":{"start":{"line":4,"column":29},"end":{"line":4,"column":30}},"loc":{"start":{"line":4,"column":55},"end":{"line":17,"column":1}},"line":4},"1":{"name":"(anonymous_1)","decl":{"start":{"line":19,"column":24},"end":{"line":19,"column":25}},"loc":{"start":{"line":19,"column":44},"end":{"line":31,"column":1}},"line":19}},"branchMap":{"0":{"loc":{"start":{"line":9,"column":4},"end":{"line":14,"column":5}},"type":"if","locations":[{"start":{"line":9,"column":4},"end":{"line":14,"column":5}},{"start":{},"end":{}}],"line":9},"1":{"loc":{"start":{"line":20,"column":4},"end":{"line":29,"column":5}},"type":"if","locations":[{"start":{"line":20,"column":4},"end":{"line":29,"column":5}},{"start":{},"end":{}}],"line":20},"2":{"loc":{"start":{"line":22,"column":12},"end":{"line":27,"column":13}},"type":"if","locations":[{"start":{"line":22,"column":12},"end":{"line":27,"column":13}},{"start":{},"end":{}}],"line":22}},"s":{"0":1,"1":1,"2":1,"3":0,"4":0,"5":0,"6":0,"7":0,"8":1,"9":0,"10":0,"11":0,"12":0,"13":0,"14":0,"15":0,"16":1},"f":{"0":0,"1":0},"b":{"0":[0,0],"1":[0,0],"2":[0,0]},"_coverageSchema":"1a1c01bbd47fc00a2c39e90264f33305004495a9","hash":"1e1f8ff4f72cef7596eae709fee43d73a0c8d672"}
,"C:\\Users\\PRPAWALE\\Documents\\Relevel Course\\ECOMM\\middlewares\\authJwt.js": {"path":"C:\\Users\\PRPAWALE\\Documents\\Relevel Course\\ECOMM\\middlewares\\authJwt.js","statementMap":{"0":{"start":{"line":1,"column":13},"end":{"line":1,"column":47}},"1":{"start":{"line":2,"column":10},"end":{"line":2,"column":33}},"2":{"start":{"line":4,"column":20},"end":{"line":25,"column":1}},"3":{"start":{"line":5,"column":16},"end":{"line":5,"column":45}},"4":{"start":{"line":6,"column":4},"end":{"line":11,"column":5}},"5":{"start":{"line":7,"column":8},"end":{"line":9,"column":11}},"6":{"start":{"line":10,"column":8},"end":{"line":10,"column":15}},"7":{"start":{"line":13,"column":4},"end":{"line":24,"column":7}},"8":{"start":{"line":14,"column":8},"end":{"line":19,"column":9}},"9":{"start":{"line":15,"column":12},"end":{"line":17,"column":15}},"10":{"start":{"line":18,"column":12},"end":{"line":18,"column":19}},"11":{"start":{"line":22,"column":8},"end":{"line":22,"column":32}},"12":{"start":{"line":23,"column":8},"end":{"line":23,"column":15}},"13":{"start":{"line":27,"column":0},"end":{"line":27,"column":33}}},"fnMap":{"0":{"name":"(anonymous_0)","decl":{"start":{"line":4,"column":20},"end":{"line":4,"column":21}},"loc":{"start":{"line":4,"column":40},"end":{"line":25,"column":1}},"line":4},"1":{"name":"(anonymous_1)","decl":{"start":{"line":13,"column":37},"end":{"line":13,"column":38}},"loc":{"start":{"line":13,"column":54},"end":{"line":24,"column":5}},"line":13}},"branchMap":{"0":{"loc":{"start":{"line":6,"column":4},"end":{"line":11,"column":5}},"type":"if","locations":[{"start":{"line":6,"column":4},"end":{"line":11,"column":5}},{"start":{},"end":{}}],"line":6},"1":{"loc":{"start":{"line":14,"column":8},"end":{"line":19,"column":9}},"type":"if","locations":[{"start":{"line":14,"column":8},"end":{"line":19,"column":9}},{"start":{},"end":{}}],"line":14}},"s":{"0":1,"1":1,"2":1,"3":1,"4":1,"5":1,"6":1,"7":0,"8":0,"9":0,"10":0,"11":0,"12":0,"13":1},"f":{"0":1,"1":0},"b":{"0":[1,0],"1":[0,0]},"_coverageSchema":"1a1c01bbd47fc00a2c39e90264f33305004495a9","hash":"acbfb59f93a3da7757e161db98f0f4832c4e8152"}
,"C:\\Users\\PRPAWALE\\Documents\\Relevel Course\\ECOMM\\model\\Cart.js": {"path":"C:\\Users\\PRPAWALE\\Documents\\Relevel Course\\ECOMM\\model\\Cart.js","statementMap":{"0":{"start":{"line":1,"column":0},"end":{"line":18,"column":1}},"1":{"start":{"line":2,"column":15},"end":{"line":16,"column":5}},"2":{"start":{"line":17,"column":4},"end":{"line":17,"column":16}}},"fnMap":{"0":{"name":"(anonymous_0)","decl":{"start":{"line":1,"column":17},"end":{"line":1,"column":18}},"loc":{"start":{"line":1,"column":50},"end":{"line":18,"column":1}},"line":1}},"branchMap":{},"s":{"0":3,"1":3,"2":3},"f":{"0":3},"b":{},"_coverageSchema":"1a1c01bbd47fc00a2c39e90264f33305004495a9","hash":"66431d3c568fc10ee2cc9dcc51b656980281e0b4"}
,"C:\\Users\\PRPAWALE\\Documents\\Relevel Course\\ECOMM\\model\\Category.js": {"path":"C:\\Users\\PRPAWALE\\Documents\\Relevel Course\\ECOMM\\model\\Category.js","statementMap":{"0":{"start":{"line":1,"column":0},"end":{"line":19,"column":1}},"1":{"start":{"line":2,"column":19},"end":{"line":17,"column":5}},"2":{"start":{"line":18,"column":4},"end":{"line":18,"column":20}}},"fnMap":{"0":{"name":"(anonymous_0)","decl":{"start":{"line":1,"column":17},"end":{"line":1,"column":18}},"loc":{"start":{"line":1,"column":50},"end":{"line":19,"column":1}},"line":1}},"branchMap":{},"s":{"0":3,"1":3,"2":3},"f":{"0":3},"b":{},"_coverageSchema":"1a1c01bbd47fc00a2c39e90264f33305004495a9","hash":"a7a88e78cf9bc37b6d11f5fa0c41b6b78c9678a5"}
,"C:\\Users\\PRPAWALE\\Documents\\Relevel Course\\ECOMM\\model\\Product.js": {"path":"C:\\Users\\PRPAWALE\\Documents\\Relevel Course\\ECOMM\\model\\Product.js","statementMap":{"0":{"start":{"line":1,"column":0},"end":{"line":23,"column":1}},"1":{"start":{"line":2,"column":18},"end":{"line":21,"column":5}},"2":{"start":{"line":22,"column":4},"end":{"line":22,"column":19}}},"fnMap":{"0":{"name":"(anonymous_0)","decl":{"start":{"line":1,"column":17},"end":{"line":1,"column":18}},"loc":{"start":{"line":1,"column":50},"end":{"line":23,"column":1}},"line":1}},"branchMap":{},"s":{"0":3,"1":3,"2":3},"f":{"0":3},"b":{},"_coverageSchema":"1a1c01bbd47fc00a2c39e90264f33305004495a9","hash":"67f970a3beb803f3efa70a62f6a5792357892f58"}
,"C:\\Users\\PRPAWALE\\Documents\\Relevel Course\\ECOMM\\model\\Roles.js": {"path":"C:\\Users\\PRPAWALE\\Documents\\Relevel Course\\ECOMM\\model\\Roles.js","statementMap":{"0":{"start":{"line":1,"column":0},"end":{"line":17,"column":2}},"1":{"start":{"line":2,"column":15},"end":{"line":15,"column":5}},"2":{"start":{"line":16,"column":4},"end":{"line":16,"column":16}}},"fnMap":{"0":{"name":"(anonymous_0)","decl":{"start":{"line":1,"column":17},"end":{"line":1,"column":18}},"loc":{"start":{"line":1,"column":51},"end":{"line":17,"column":1}},"line":1}},"branchMap":{},"s":{"0":3,"1":3,"2":3},"f":{"0":3},"b":{},"_coverageSchema":"1a1c01bbd47fc00a2c39e90264f33305004495a9","hash":"1dc4df1eb5f257dcb528c0c0f3c42c1ce919d281"}
,"C:\\Users\\PRPAWALE\\Documents\\Relevel Course\\ECOMM\\model\\User.js": {"path":"C:\\Users\\PRPAWALE\\Documents\\Relevel Course\\ECOMM\\model\\User.js","statementMap":{"0":{"start":{"line":1,"column":0},"end":{"line":19,"column":1}},"1":{"start":{"line":2,"column":15},"end":{"line":17,"column":5}},"2":{"start":{"line":18,"column":4},"end":{"line":18,"column":16}}},"fnMap":{"0":{"name":"(anonymous_0)","decl":{"start":{"line":1,"column":17},"end":{"line":1,"column":18}},"loc":{"start":{"line":1,"column":51},"end":{"line":19,"column":1}},"line":1}},"branchMap":{},"s":{"0":3,"1":3,"2":3},"f":{"0":3},"b":{},"_coverageSchema":"1a1c01bbd47fc00a2c39e90264f33305004495a9","hash":"7c95883ed0e4b7d345b23095f6489a60f622f8ec"}
,"C:\\Users\\PRPAWALE\\Documents\\Relevel Course\\ECOMM\\model\\index.js": {"path":"C:\\Users\\PRPAWALE\\Documents\\Relevel Course\\ECOMM\\model\\index.js","statementMap":{"0":{"start":{"line":1,"column":18},"end":{"line":1,"column":38}},"1":{"start":{"line":2,"column":12},"end":{"line":2,"column":49}},"2":{"start":{"line":3,"column":17},"end":{"line":3,"column":54}},"3":{"start":{"line":4,"column":9},"end":{"line":4,"column":11}},"4":{"start":{"line":6,"column":0},"end":{"line":16,"column":3}},"5":{"start":{"line":17,"column":0},"end":{"line":17,"column":25}},"6":{"start":{"line":18,"column":0},"end":{"line":18,"column":60}},"7":{"start":{"line":19,"column":0},"end":{"line":19,"column":63}},"8":{"start":{"line":20,"column":0},"end":{"line":20,"column":67}},"9":{"start":{"line":21,"column":0},"end":{"line":21,"column":61}},"10":{"start":{"line":22,"column":0},"end":{"line":22,"column":69}},"11":{"start":{"line":24,"column":0},"end":{"line":30,"column":2}},"12":{"start":{"line":32,"column":0},"end":{"line":38,"column":2}},"13":{"start":{"line":40,"column":0},"end":{"line":46,"column":2}},"14":{"start":{"line":48,"column":0},"end":{"line":54,"column":2}},"15":{"start":{"line":56,"column":0},"end":{"line":56,"column":29}},"16":{"start":{"line":58,"column":0},"end":{"line":58,"column":20}}},"fnMap":{},"branchMap":{"0":{"loc":{"start":{"line":2,"column":12},"end":{"line":2,"column":49}},"type":"binary-expr","locations":[{"start":{"line":2,"column":12},"end":{"line":2,"column":32}},{"start":{"line":2,"column":36},"end":{"line":2,"column":49}}],"line":2}},"s":{"0":3,"1":3,"2":3,"3":3,"4":3,"5":3,"6":3,"7":3,"8":3,"9":3,"10":3,"11":3,"12":3,"13":3,"14":3,"15":3,"16":3},"f":{},"b":{"0":[3,0]},"_coverageSchema":"1a1c01bbd47fc00a2c39e90264f33305004495a9","hash":"7eb5aa548b1b831d96e3dadc9eb9c6e4eae523a2"}
,"C:\\Users\\PRPAWALE\\Documents\\Relevel Course\\ECOMM\\routes\\auth.route.js": {"path":"C:\\Users\\PRPAWALE\\Documents\\Relevel Course\\ECOMM\\routes\\auth.route.js","statementMap":{"0":{"start":{"line":1,"column":16},"end":{"line":1,"column":34}},"1":{"start":{"line":2,"column":23},"end":{"line":2,"column":65}},"2":{"start":{"line":3,"column":21},"end":{"line":3,"column":61}},"3":{"start":{"line":4,"column":19},"end":{"line":4,"column":28}},"4":{"start":{"line":5,"column":19},"end":{"line":5,"column":35}},"5":{"start":{"line":7,"column":0},"end":{"line":13,"column":3}},"6":{"start":{"line":8,"column":2},"end":{"line":11,"column":4}},"7":{"start":{"line":12,"column":2},"end":{"line":12,"column":9}},"8":{"start":{"line":15,"column":0},"end":{"line":20,"column":2}},"9":{"start":{"line":21,"column":0},"end":{"line":21,"column":50}},"10":{"start":{"line":23,"column":0},"end":{"line":23,"column":28}}},"fnMap":{"0":{"name":"(anonymous_0)","decl":{"start":{"line":7,"column":15},"end":{"line":7,"column":16}},"loc":{"start":{"line":7,"column":35},"end":{"line":13,"column":1}},"line":7}},"branchMap":{},"s":{"0":1,"1":1,"2":1,"3":1,"4":1,"5":1,"6":0,"7":0,"8":1,"9":1,"10":1},"f":{"0":0},"b":{},"_coverageSchema":"1a1c01bbd47fc00a2c39e90264f33305004495a9","hash":"e4af78dfbf9ee1848864b7082ad1033b1c29fa21"}
,"C:\\Users\\PRPAWALE\\Documents\\Relevel Course\\ECOMM\\routes\\cart.route.js": {"path":"C:\\Users\\PRPAWALE\\Documents\\Relevel Course\\ECOMM\\routes\\cart.route.js","statementMap":{"0":{"start":{"line":1,"column":14},"end":{"line":1,"column":32}},"1":{"start":{"line":2,"column":17},"end":{"line":2,"column":33}},"2":{"start":{"line":3,"column":21},"end":{"line":3,"column":63}},"3":{"start":{"line":4,"column":14},"end":{"line":4,"column":49}},"4":{"start":{"line":6,"column":0},"end":{"line":6,"column":70}},"5":{"start":{"line":8,"column":0},"end":{"line":8,"column":77}},"6":{"start":{"line":10,"column":0},"end":{"line":10,"column":74}},"7":{"start":{"line":12,"column":0},"end":{"line":12,"column":28}}},"fnMap":{},"branchMap":{},"s":{"0":1,"1":1,"2":1,"3":1,"4":1,"5":1,"6":1,"7":1},"f":{},"b":{},"_coverageSchema":"1a1c01bbd47fc00a2c39e90264f33305004495a9","hash":"7b7f2187ebaaad9401f36c477da73965bb9c20d5"}
,"C:\\Users\\PRPAWALE\\Documents\\Relevel Course\\ECOMM\\routes\\categories.route.js": {"path":"C:\\Users\\PRPAWALE\\Documents\\Relevel Course\\ECOMM\\routes\\categories.route.js","statementMap":{"0":{"start":{"line":1,"column":14},"end":{"line":1,"column":32}},"1":{"start":{"line":2,"column":21},"end":{"line":2,"column":37}},"2":{"start":{"line":3,"column":25},"end":{"line":3,"column":71}},"3":{"start":{"line":4,"column":23},"end":{"line":4,"column":67}},"4":{"start":{"line":8,"column":0},"end":{"line":8,"column":61}},"5":{"start":{"line":10,"column":0},"end":{"line":14,"column":2}},"6":{"start":{"line":16,"column":0},"end":{"line":20,"column":2}},"7":{"start":{"line":22,"column":0},"end":{"line":26,"column":2}},"8":{"start":{"line":29,"column":0},"end":{"line":35,"column":2}},"9":{"start":{"line":37,"column":0},"end":{"line":37,"column":32}}},"fnMap":{},"branchMap":{},"s":{"0":1,"1":1,"2":1,"3":1,"4":1,"5":1,"6":1,"7":1,"8":1,"9":1},"f":{},"b":{},"_coverageSchema":"1a1c01bbd47fc00a2c39e90264f33305004495a9","hash":"f0588dcd084966fcfe2b3f08c522faeb878bb691"}
,"C:\\Users\\PRPAWALE\\Documents\\Relevel Course\\ECOMM\\routes\\index.js": {"path":"C:\\Users\\PRPAWALE\\Documents\\Relevel Course\\ECOMM\\routes\\index.js","statementMap":{"0":{"start":{"line":1,"column":14},"end":{"line":1,"column":32}},"1":{"start":{"line":2,"column":13},"end":{"line":2,"column":29}},"2":{"start":{"line":4,"column":21},"end":{"line":4,"column":50}},"3":{"start":{"line":5,"column":20},"end":{"line":5,"column":47}},"4":{"start":{"line":6,"column":17},"end":{"line":6,"column":40}},"5":{"start":{"line":7,"column":17},"end":{"line":7,"column":40}},"6":{"start":{"line":10,"column":0},"end":{"line":13,"column":3}},"7":{"start":{"line":11,"column":4},"end":{"line":11,"column":39}},"8":{"start":{"line":12,"column":4},"end":{"line":12,"column":14}},"9":{"start":{"line":15,"column":0},"end":{"line":15,"column":55}},"10":{"start":{"line":16,"column":0},"end":{"line":16,"column":52}},"11":{"start":{"line":17,"column":0},"end":{"line":17,"column":45}},"12":{"start":{"line":18,"column":0},"end":{"line":18,"column":45}},"13":{"start":{"line":21,"column":0},"end":{"line":21,"column":24}}},"fnMap":{"0":{"name":"(anonymous_0)","decl":{"start":{"line":10,"column":16},"end":{"line":10,"column":17}},"loc":{"start":{"line":10,"column":36},"end":{"line":13,"column":1}},"line":10}},"branchMap":{},"s":{"0":1,"1":1,"2":1,"3":1,"4":1,"5":1,"6":1,"7":0,"8":0,"9":1,"10":1,"11":1,"12":1,"13":1},"f":{"0":0},"b":{},"_coverageSchema":"1a1c01bbd47fc00a2c39e90264f33305004495a9","hash":"6c34834c44ccc694a04af0b99755a9a5ea25fb66"}
,"C:\\Users\\PRPAWALE\\Documents\\Relevel Course\\ECOMM\\routes\\products.route.js": {"path":"C:\\Users\\PRPAWALE\\Documents\\Relevel Course\\ECOMM\\routes\\products.route.js","statementMap":{"0":{"start":{"line":1,"column":14},"end":{"line":1,"column":32}},"1":{"start":{"line":2,"column":20},"end":{"line":2,"column":36}},"2":{"start":{"line":3,"column":24},"end":{"line":3,"column":69}},"3":{"start":{"line":4,"column":14},"end":{"line":4,"column":49}},"4":{"start":{"line":6,"column":0},"end":{"line":6,"column":80}},"5":{"start":{"line":8,"column":0},"end":{"line":8,"column":68}},"6":{"start":{"line":10,"column":0},"end":{"line":10,"column":58}},"7":{"start":{"line":11,"column":0},"end":{"line":11,"column":67}},"8":{"start":{"line":13,"column":0},"end":{"line":13,"column":74}},"9":{"start":{"line":15,"column":0},"end":{"line":15,"column":71}},"10":{"start":{"line":17,"column":0},"end":{"line":17,"column":31}}},"fnMap":{},"branchMap":{},"s":{"0":1,"1":1,"2":1,"3":1,"4":1,"5":1,"6":1,"7":1,"8":1,"9":1,"10":1},"f":{},"b":{},"_coverageSchema":"1a1c01bbd47fc00a2c39e90264f33305004495a9","hash":"9dbf098c358b7f8114ba1b258801c7fa1f025d19"}
,"C:\\Users\\PRPAWALE\\Documents\\Relevel Course\\ECOMM\\test\\unit\\interceptor.js": {"path":"C:\\Users\\PRPAWALE\\Documents\\Relevel Course\\ECOMM\\test\\unit\\interceptor.js","statementMap":{"0":{"start":{"line":1,"column":0},"end":{"line":20,"column":1}},"1":{"start":{"line":3,"column":20},"end":{"line":3,"column":22}},"2":{"start":{"line":4,"column":8},"end":{"line":4,"column":50}},"3":{"start":{"line":5,"column":8},"end":{"line":5,"column":52}},"4":{"start":{"line":6,"column":8},"end":{"line":6,"column":51}},"5":{"start":{"line":8,"column":8},"end":{"line":8,"column":19}},"6":{"start":{"line":11,"column":20},"end":{"line":11,"column":22}},"7":{"start":{"line":12,"column":8},"end":{"line":12,"column":50}},"8":{"start":{"line":13,"column":8},"end":{"line":13,"column":50}},"9":{"start":{"line":14,"column":8},"end":{"line":14,"column":52}},"10":{"start":{"line":15,"column":8},"end":{"line":15,"column":51}},"11":{"start":{"line":16,"column":8},"end":{"line":16,"column":28}},"12":{"start":{"line":18,"column":8},"end":{"line":18,"column":19}}},"fnMap":{"0":{"name":"(anonymous_0)","decl":{"start":{"line":2,"column":18},"end":{"line":2,"column":19}},"loc":{"start":{"line":2,"column":24},"end":{"line":9,"column":5}},"line":2},"1":{"name":"(anonymous_1)","decl":{"start":{"line":10,"column":19},"end":{"line":10,"column":20}},"loc":{"start":{"line":10,"column":25},"end":{"line":19,"column":5}},"line":10}},"branchMap":{},"s":{"0":2,"1":7,"2":7,"3":7,"4":7,"5":7,"6":7,"7":7,"8":7,"9":7,"10":7,"11":7,"12":7},"f":{"0":7,"1":7},"b":{},"_coverageSchema":"1a1c01bbd47fc00a2c39e90264f33305004495a9","hash":"9842fd3794fb9789d612468d1da6b182bcd1aa4a"}
}
